<?xml version="1.0" encoding="UTF-8"?>
<!-- Generated by org.testng.reporters.JUnitReportReporter -->
<testsuite skipped="2" hostname="DESKTOP-QVJU989" name="com.testng.batchNine.MaximoLogin" tests="3" failures="0" timestamp="2021-01-26T20:36:59 EST" time="7.381" errors="0">
  <testcase name="uploadFileSelenium" time="7.381" classname="com.testng.batchNine.MaximoLogin"/>
  <system-out/>
  <testcase name="MaximoCreateLocation" classname="com.testng.batchNine.MaximoLogin">
    <skipped/>
  </testcase> <!-- MaximoCreateLocation -->
  <system-out/>
  <testcase name="MaximoCreateAsset" classname="com.testng.batchNine.MaximoLogin">
    <skipped/>
  </testcase> <!-- MaximoCreateAsset -->
  <system-out/>
</testsuite> <!-- com.testng.batchNine.MaximoLogin -->
